<?xml version="1.0" encoding="UTF-8"?>
<testsuite name="com.weave.weaveserver.WeaveServerApplicationTests" tests="1" skipped="0" failures="0" errors="0" timestamp="2022-07-04T12:45:48" hostname="hweyoungui-MacBookAir.local" time="0.13">
  <properties/>
  <testcase name="contextLoads()" classname="com.weave.weaveserver.WeaveServerApplicationTests" time="0.13"/>
  <system-out><![CDATA[21:45:38.986 [Test worker] DEBUG org.springframework.test.context.BootstrapUtils - Instantiating CacheAwareContextLoaderDelegate from class [org.springframework.test.context.cache.DefaultCacheAwareContextLoaderDelegate]
21:45:39.040 [Test worker] DEBUG org.springframework.test.context.BootstrapUtils - Instantiating BootstrapContext using constructor [public org.springframework.test.context.support.DefaultBootstrapContext(java.lang.Class,org.springframework.test.context.CacheAwareContextLoaderDelegate)]
21:45:39.090 [Test worker] DEBUG org.springframework.test.context.BootstrapUtils - Instantiating TestContextBootstrapper for test class [com.weave.weaveserver.WeaveServerApplicationTests] from class [org.springframework.boot.test.context.SpringBootTestContextBootstrapper]
21:45:39.101 [Test worker] INFO org.springframework.boot.test.context.SpringBootTestContextBootstrapper - Neither @ContextConfiguration nor @ContextHierarchy found for test class [com.weave.weaveserver.WeaveServerApplicationTests], using SpringBootContextLoader
21:45:39.107 [Test worker] DEBUG org.springframework.test.context.support.AbstractContextLoader - Did not detect default resource location for test class [com.weave.weaveserver.WeaveServerApplicationTests]: class path resource [com/weave/weaveserver/WeaveServerApplicationTests-context.xml] does not exist
21:45:39.107 [Test worker] DEBUG org.springframework.test.context.support.AbstractContextLoader - Did not detect default resource location for test class [com.weave.weaveserver.WeaveServerApplicationTests]: class path resource [com/weave/weaveserver/WeaveServerApplicationTestsContext.groovy] does not exist
21:45:39.107 [Test worker] INFO org.springframework.test.context.support.AbstractContextLoader - Could not detect default resource locations for test class [com.weave.weaveserver.WeaveServerApplicationTests]: no resource found for suffixes {-context.xml, Context.groovy}.
21:45:39.108 [Test worker] INFO org.springframework.test.context.support.AnnotationConfigContextLoaderUtils - Could not detect default configuration classes for test class [com.weave.weaveserver.WeaveServerApplicationTests]: WeaveServerApplicationTests does not declare any static, non-private, non-final, nested classes annotated with @Configuration.
21:45:39.163 [Test worker] DEBUG org.springframework.test.context.support.ActiveProfilesUtils - Could not find an 'annotation declaring class' for annotation type [org.springframework.test.context.ActiveProfiles] and class [com.weave.weaveserver.WeaveServerApplicationTests]
21:45:39.230 [Test worker] DEBUG org.springframework.context.annotation.ClassPathScanningCandidateComponentProvider - Identified candidate component class: file [/Users/hweyoung/Desktop/WEAVE/distribute_weave/build/classes/java/main/com/weave/weaveserver/WeaveServerApplication.class]
21:45:39.233 [Test worker] INFO org.springframework.boot.test.context.SpringBootTestContextBootstrapper - Found @SpringBootConfiguration com.weave.weaveserver.WeaveServerApplication for test class com.weave.weaveserver.WeaveServerApplicationTests
21:45:39.327 [Test worker] DEBUG org.springframework.boot.test.context.SpringBootTestContextBootstrapper - @TestExecutionListeners is not present for class [com.weave.weaveserver.WeaveServerApplicationTests]: using defaults.
21:45:39.329 [Test worker] INFO org.springframework.boot.test.context.SpringBootTestContextBootstrapper - Loaded default TestExecutionListener class names from location [META-INF/spring.factories]: [org.springframework.boot.test.autoconfigure.restdocs.RestDocsTestExecutionListener, org.springframework.boot.test.autoconfigure.web.client.MockRestServiceServerResetTestExecutionListener, org.springframework.boot.test.autoconfigure.web.servlet.MockMvcPrintOnlyOnFailureTestExecutionListener, org.springframework.boot.test.autoconfigure.web.servlet.WebDriverTestExecutionListener, org.springframework.boot.test.autoconfigure.webservices.client.MockWebServiceServerTestExecutionListener, org.springframework.boot.test.mock.mockito.MockitoTestExecutionListener, org.springframework.boot.test.mock.mockito.ResetMocksTestExecutionListener, org.springframework.test.context.web.ServletTestExecutionListener, org.springframework.test.context.support.DirtiesContextBeforeModesTestExecutionListener, org.springframework.test.context.event.ApplicationEventsTestExecutionListener, org.springframework.test.context.support.DependencyInjectionTestExecutionListener, org.springframework.test.context.support.DirtiesContextTestExecutionListener, org.springframework.test.context.transaction.TransactionalTestExecutionListener, org.springframework.test.context.jdbc.SqlScriptsTestExecutionListener, org.springframework.test.context.event.EventPublishingTestExecutionListener]
21:45:39.342 [Test worker] INFO org.springframework.boot.test.context.SpringBootTestContextBootstrapper - Using TestExecutionListeners: [org.springframework.test.context.web.ServletTestExecutionListener@63fd4873, org.springframework.test.context.support.DirtiesContextBeforeModesTestExecutionListener@1e11bc55, org.springframework.test.context.event.ApplicationEventsTestExecutionListener@7544a1e4, org.springframework.boot.test.mock.mockito.MockitoTestExecutionListener@70e0accd, org.springframework.boot.test.autoconfigure.SpringBootDependencyInjectionTestExecutionListener@7957dc72, org.springframework.test.context.support.DirtiesContextTestExecutionListener@6ab72419, org.springframework.test.context.transaction.TransactionalTestExecutionListener@3aacf32a, org.springframework.test.context.jdbc.SqlScriptsTestExecutionListener@4fdfa676, org.springframework.test.context.event.EventPublishingTestExecutionListener@82c57b3, org.springframework.boot.test.autoconfigure.restdocs.RestDocsTestExecutionListener@5be82d43, org.springframework.boot.test.autoconfigure.web.client.MockRestServiceServerResetTestExecutionListener@600b0b7, org.springframework.boot.test.autoconfigure.web.servlet.MockMvcPrintOnlyOnFailureTestExecutionListener@345e5a17, org.springframework.boot.test.autoconfigure.web.servlet.WebDriverTestExecutionListener@5ea502e0, org.springframework.boot.test.autoconfigure.webservices.client.MockWebServiceServerTestExecutionListener@443dbe42, org.springframework.boot.test.mock.mockito.ResetMocksTestExecutionListener@473b3b7a]
21:45:39.345 [Test worker] DEBUG org.springframework.test.context.support.AbstractDirtiesContextTestExecutionListener - Before test class: context [DefaultTestContext@4e9658b5 testClass = WeaveServerApplicationTests, testInstance = [null], testMethod = [null], testException = [null], mergedContextConfiguration = [WebMergedContextConfiguration@2a7b6f69 testClass = WeaveServerApplicationTests, locations = '{}', classes = '{class com.weave.weaveserver.WeaveServerApplication}', contextInitializerClasses = '[]', activeProfiles = '{}', propertySourceLocations = '{}', propertySourceProperties = '{org.springframework.boot.test.context.SpringBootTestContextBootstrapper=true}', contextCustomizers = set[org.springframework.boot.test.autoconfigure.actuate.metrics.MetricsExportContextCustomizerFactory$DisableMetricExportContextCustomizer@765f05af, org.springframework.boot.test.autoconfigure.properties.PropertyMappingContextCustomizer@0, org.springframework.boot.test.autoconfigure.web.servlet.WebDriverContextCustomizerFactory$Customizer@3543df7d, org.springframework.boot.test.context.filter.ExcludeFilterContextCustomizer@1e7aa82b, org.springframework.boot.test.json.DuplicateJsonObjectContextCustomizerFactory$DuplicateJsonObjectContextCustomizer@1c6804cd, org.springframework.boot.test.mock.mockito.MockitoContextCustomizer@0, org.springframework.boot.test.web.client.TestRestTemplateContextCustomizer@488eb7f2, org.springframework.boot.test.context.SpringBootTestArgs@1, org.springframework.boot.test.context.SpringBootTestWebEnvironment@28194a50], resourceBasePath = 'src/main/webapp', contextLoader = 'org.springframework.boot.test.context.SpringBootContextLoader', parent = [null]], attributes = map['org.springframework.test.context.web.ServletTestExecutionListener.activateListener' -> true]], class annotated with @DirtiesContext [false] with mode [null].

  .   ____          _            __ _ _
 /\\ / ___'_ __ _ _(_)_ __  __ _ \ \ \ \
( ( )\___ | '_ | '_| | '_ \/ _` | \ \ \ \
 \\/  ___)| |_)| | | | | || (_| |  ) ) ) )
  '  |____| .__|_| |_|_| |_\__, | / / / /
 =========|_|==============|___/=/_/_/_/
 :: Spring Boot ::                (v2.7.1)

2022-07-04 21:45:40.008  INFO 40476 --- [    Test worker] c.w.w.WeaveServerApplicationTests        : Starting WeaveServerApplicationTests using Java 11.0.12 on hweyoungui-MacBookAir.local with PID 40476 (started by hweyoung in /Users/hweyoung/Desktop/WEAVE/distribute_weave)
2022-07-04 21:45:40.011  INFO 40476 --- [    Test worker] c.w.w.WeaveServerApplicationTests        : No active profile set, falling back to 1 default profile: "default"
2022-07-04 21:45:41.679  INFO 40476 --- [    Test worker] .s.d.r.c.RepositoryConfigurationDelegate : Bootstrapping Spring Data JPA repositories in DEFAULT mode.
2022-07-04 21:45:41.784  INFO 40476 --- [    Test worker] .s.d.r.c.RepositoryConfigurationDelegate : Finished Spring Data repository scanning in 96 ms. Found 4 JPA repository interfaces.
2022-07-04 21:45:42.894  INFO 40476 --- [    Test worker] o.hibernate.jpa.internal.util.LogHelper  : HHH000204: Processing PersistenceUnitInfo [name: default]
2022-07-04 21:45:42.936  INFO 40476 --- [    Test worker] org.hibernate.Version                    : HHH000412: Hibernate ORM core version 5.6.9.Final
2022-07-04 21:45:43.103  INFO 40476 --- [    Test worker] o.hibernate.annotations.common.Version   : HCANN000001: Hibernate Commons Annotations {5.1.2.Final}
2022-07-04 21:45:43.203  INFO 40476 --- [    Test worker] com.zaxxer.hikari.HikariDataSource       : HikariPool-1 - Starting...
2022-07-04 21:45:43.926  INFO 40476 --- [    Test worker] com.zaxxer.hikari.HikariDataSource       : HikariPool-1 - Start completed.
2022-07-04 21:45:43.957  INFO 40476 --- [    Test worker] org.hibernate.dialect.Dialect            : HHH000400: Using dialect: org.hibernate.dialect.MySQL8Dialect
2022-07-04 21:45:44.785  INFO 40476 --- [    Test worker] org.hibernate.tuple.PojoInstantiator     : HHH000182: No default (no-argument) constructor for class: com.weave.weaveserver.domain.Belong (class must be instantiated by Interceptor)
Hibernate: alter table belong drop foreign key FKkmi407rnlcwpyvvy2eim5yvlo
Hibernate: alter table belong drop foreign key FK4gpxhngirqbjqd11s45har8mi
Hibernate: alter table plan drop foreign key FKmr7l498jgja3yncbync1dc1qv
Hibernate: alter table team drop foreign key FK5pm7k6b3hh71cdh5ou5urr8g6
Hibernate: drop table if exists belong
Hibernate: drop table if exists plan
Hibernate: drop table if exists team
Hibernate: drop table if exists user
Hibernate: create table belong (belong_idx integer not null auto_increment, team_idx integer, user_idx integer, primary key (belong_idx)) engine=InnoDB
Hibernate: create table plan (plan_idx integer not null auto_increment, cost integer not null, date datetime(6), end_time datetime(6), latitude float not null, location varchar(255), longitude float not null, start_time datetime(6), team_idx integer, title varchar(255), recent_user_idx integer, primary key (plan_idx)) engine=InnoDB
Hibernate: create table team (team_idx integer not null auto_increment, end_date date, img_url varchar(255), is_empty bit, location varchar(255), start_date date, title varchar(255), user_idx integer, primary key (team_idx)) engine=InnoDB
Hibernate: create table user (user_idx integer not null auto_increment, email varchar(255), login_id varchar(255), name varchar(255), refresh_token varchar(255), primary key (user_idx)) engine=InnoDB
Hibernate: alter table belong add constraint FKkmi407rnlcwpyvvy2eim5yvlo foreign key (team_idx) references team (team_idx)
Hibernate: alter table belong add constraint FK4gpxhngirqbjqd11s45har8mi foreign key (user_idx) references user (user_idx)
Hibernate: alter table plan add constraint FKmr7l498jgja3yncbync1dc1qv foreign key (recent_user_idx) references user (user_idx)
Hibernate: alter table team add constraint FK5pm7k6b3hh71cdh5ou5urr8g6 foreign key (user_idx) references user (user_idx)
2022-07-04 21:45:45.700  INFO 40476 --- [    Test worker] o.h.e.t.j.p.i.JtaPlatformInitiator       : HHH000490: Using JtaPlatform implementation: [org.hibernate.engine.transaction.jta.platform.internal.NoJtaPlatform]
2022-07-04 21:45:45.717  INFO 40476 --- [    Test worker] j.LocalContainerEntityManagerFactoryBean : Initialized JPA EntityManagerFactory for persistence unit 'default'
2022-07-04 21:45:47.590  WARN 40476 --- [    Test worker] .s.s.UserDetailsServiceAutoConfiguration : 

Using generated security password: f9ffd3a9-9ae9-4196-8608-b8681f731396

This generated password is for development use only. Your security configuration must be updated before running your application in production.

2022-07-04 21:45:47.767  INFO 40476 --- [    Test worker] o.s.s.web.DefaultSecurityFilterChain     : Will secure any request with [org.springframework.security.web.session.DisableEncodeUrlFilter@56adb75e, org.springframework.security.web.context.request.async.WebAsyncManagerIntegrationFilter@2cc7b63d, org.springframework.security.web.context.SecurityContextPersistenceFilter@73299197, org.springframework.security.web.header.HeaderWriterFilter@50ba19df, org.springframework.security.web.authentication.logout.LogoutFilter@6138ee0e, org.springframework.security.web.savedrequest.RequestCacheAwareFilter@40cd02fc, org.springframework.security.web.servletapi.SecurityContextHolderAwareRequestFilter@7a59780b, org.springframework.security.web.authentication.AnonymousAuthenticationFilter@6179551b, org.springframework.security.web.session.SessionManagementFilter@1ddf9fd, org.springframework.security.web.access.ExceptionTranslationFilter@63437af4, org.springframework.security.web.access.intercept.FilterSecurityInterceptor@5fe19d0e]
2022-07-04 21:45:48.274  WARN 40476 --- [    Test worker] JpaBaseConfiguration$JpaWebConfiguration : spring.jpa.open-in-view is enabled by default. Therefore, database queries may be performed during view rendering. Explicitly configure spring.jpa.open-in-view to disable this warning
2022-07-04 21:45:48.626  INFO 40476 --- [    Test worker] c.w.w.WeaveServerApplicationTests        : Started WeaveServerApplicationTests in 9.175 seconds (JVM running for 10.851)
]]></system-out>
  <system-err><![CDATA[]]></system-err>
</testsuite>
